# Preference setting overrides
gui_create_pref_key -category {Globals} -key {load_detail_for_funcov} -value_type {bool} -value {false}

# State setting overrides
gui_state_default_create -off -ini
gui_set_state_value -category Globals -key recent_databases -value {{gui_open_db -file /usrhome/OB2_OpenSoCPrj/_OpenTensorCore/src/v0p1/fp4_to_fp9.vcd -design V1} {gui_open_db -file /usrhome/OB2_OpenSoCPrj/_OpenTensorCore/src/v0p1/fp4_to_fp9.vcd.vpd -design V1}}
gui_set_state_value -category Layout -key child_console_size_x -value 1265
gui_set_state_value -category Layout -key child_console_size_y -value 176
gui_set_state_value -category Layout -key child_data_colvariable -value 204
gui_set_state_value -category Layout -key child_data_size_x -value 276
gui_set_state_value -category Layout -key child_data_size_y -value 422
gui_set_state_value -category Layout -key child_hier_col3 -value {-1}
gui_set_state_value -category Layout -key child_hier_colhier -value 178
gui_set_state_value -category Layout -key child_hier_colpd -value 0
gui_set_state_value -category Layout -key child_hier_coltype -value 58
gui_set_state_value -category Layout -key child_hier_size_x -value 242
gui_set_state_value -category Layout -key child_hier_size_y -value 422
gui_set_state_value -category Layout -key child_source_docknewline -value false
gui_set_state_value -category Layout -key child_source_pos_x -value {-2}
gui_set_state_value -category Layout -key child_source_pos_y -value {-15}
gui_set_state_value -category Layout -key child_source_size_x -value 750
gui_set_state_value -category Layout -key child_source_size_y -value 417
gui_set_state_value -category Layout -key child_wave_colname -value 173
gui_set_state_value -category Layout -key child_wave_colvalue -value 173
gui_set_state_value -category Layout -key child_wave_left -value 350
gui_set_state_value -category Layout -key child_wave_right -value 855
gui_set_state_value -category Layout -key main_pos_x -value 11
gui_set_state_value -category Layout -key main_pos_y -value 147
gui_set_state_value -category Layout -key main_size_x -value 1276
gui_set_state_value -category Layout -key main_size_y -value 852
gui_set_state_value -category Layout -key stand_wave_child_docknewline -value false
gui_set_state_value -category Layout -key stand_wave_child_showstate -value normal
gui_set_state_value -category Layout -key stand_wave_child_size_x -value 1215
gui_set_state_value -category Layout -key stand_wave_child_size_y -value 664
gui_set_state_value -category Layout -key stand_wave_top_pos_x -value 6
gui_set_state_value -category Layout -key stand_wave_top_pos_y -value 61
gui_set_state_value -category Layout -key stand_wave_top_size_x -value 1224
gui_set_state_value -category Layout -key stand_wave_top_size_y -value 907
gui_create_state_key -category FindDialog -key m_pMatchCase -value_type bool -value false
gui_create_state_key -category FindDialog -key m_pMatchWord -value_type bool -value false
gui_create_state_key -category FindDialog -key m_pUseCombo -value_type string -value {}
gui_create_state_key -category FindDialog -key m_pWrapAround -value_type bool -value true
gui_state_default_create -off

# Begin command logging
gui_open_db -file /usrhome/OB2_OpenSoCPrj/_OpenTensorCore/src/v0p1/fp4_to_fp9.vcd -design V1
gui_list_expand -id  Hier.1   tb_fp4_to_fp9
gui_list_select -id Hier.1 -current_item_name tb_fp4_to_fp9 -current_item_type Scope  -selected  { tb_fp4_to_fp9   }
gui_list_select -id Hier.1 -current_item_name tb_fp4_to_fp9 -current_item_type Scope  -selected  {  }
gui_list_select -id Hier.1 -current_item_name tb_fp4_to_fp9 -current_item_type Scope  -selected  { tb_fp4_to_fp9   }
gui_list_select -id Data.1 -selected  { {tb_fp4_to_fp9.packed_fp4[7:0]}   }
gui_open_window Wave
gui_list_add -id Wave.1 -from Data.1 { {tb_fp4_to_fp9.packed_fp4[7:0]} } -insertionbar
gui_list_select -id Data.1 -selected  { tb_fp4_to_fp9.select_high   }
gui_list_add -id Wave.1 -from Data.1 { tb_fp4_to_fp9.select_high } -insertionbar
gui_list_select -id Data.1 -selected  { {tb_fp4_to_fp9.fp9[8:0]}   }
gui_list_add -id Wave.1 -from Data.1 { {tb_fp4_to_fp9.fp9[8:0]} } -insertionbar
gui_list_select -id Hier.1 -current_item_name tb_fp4_to_fp9.uut -current_item_type Scope  -selected  { tb_fp4_to_fp9.uut   }
gui_list_select -id Data.1 -selected  { tb_fp4_to_fp9.uut.fp4_sgn   }
gui_list_select -id Data.1 -selected  { {tb_fp4_to_fp9.uut.selected_fp4[3:0]}  tb_fp4_to_fp9.uut.fp4_sgn   }
gui_list_select -id Data.1 -selected  {  }
gui_list_select -id Data.1 -selected  { tb_fp4_to_fp9.uut.fp4_sgn  {tb_fp4_to_fp9.uut.fp4_exp[1:0]}  tb_fp4_to_fp9.uut.fp4_sig   }
gui_list_add -id Wave.1 -from Data.1 { tb_fp4_to_fp9.uut.fp4_sgn {tb_fp4_to_fp9.uut.fp4_exp[1:0]} tb_fp4_to_fp9.uut.fp4_sig } -insertionbar
gui_list_select -id Data.1 -selected  { {tb_fp4_to_fp9.uut.fp9[8:0]}   }
gui_list_add -id Wave.1 -from Data.1 { {tb_fp4_to_fp9.uut.fp9[8:0]} } -insertionbar
gui_set_time 30 -id TopLevel.2
gui_wv_zoom_timerange -id  Wave.1 36 58
gui_wv_scrollleft -id  Wave.1  page
gui_wv_scroll_hslidermove -id  Wave.1 595
gui_close_window -window TopLevel.2
