*design* DebussyLib (btIdent Verdi_O-2018.09-SP2)
Command arguments:  -lib  simv.daidir/work  -saveLevel  -elab  simv.daidir/kdb  -simflow  -simdir  simv.daidir/kdb_libs  -top  tb_tensor_core fp4_to_fp9 fadd_s1 fadd_s2 fmul_s1 fmul_s2 fmul_s3 config_registers  -ssv  -ssy  -Lf  work  +disable_message+C00380+C00381  +disable_message+C00388+C00389  -SNPS_ELABCOM  -saveElab 

*Warning* duplicate port reference m_axis_tvalid_d
"../../sim/top/tb_tensor_core.v", 41: 

*Warning* duplicate port reference m_axis_tready_d
"../../sim/top/tb_tensor_core.v", 42: 

*Error* view far_path is not defined for instance far_path_mods
"../../fadd_s1.v", 158: 

*Error* view near_path is not defined for instance near_path_mods_0
"../../fadd_s1.v", 200: 

*Error* view near_path is not defined for instance near_path_mods_1
"../../fadd_s1.v", 221: 

*Error* view rounding is not defined for instance far_path_rounder_0
"../../fadd_s2.v", 66: 

*Error* view rounding is not defined for instance far_path_rounder_1
"../../fadd_s2.v", 92: 

*Error* view rounding is not defined for instance near_path_rounder_0
"../../fadd_s2.v", 143: 

*Error* view rounding is not defined for instance near_path_rounder_1
"../../fadd_s2.v", 169: 

*Error* view lzc is not defined for instance for_lzc
"../../fmul_s1.v", 124: 

*Error* view rounding is not defined for instance rounder_0
"../../fmul_s3.v", 87: 

*Error* view rounding is not defined for instance rounder_1
"../../fmul_s3.v", 112: 
Total	10 error(s),   2 warning(s)
